<?xml version="1.0" encoding="UTF-8"?>
<!-- Generated by org.testng.reporters.JUnitReportReporter -->
<testsuite hostname="VC-KishanJoshi" failures="0" tests="1" name="tests.module1.Admin.Events_Test" time="99.452" errors="0" timestamp="2023-12-21T19:11:25 IST" skipped="0">
  <testcase classname="tests.module1.Admin.Events_Test" name="Sign_In" time="99.452"/>
  <system-out/>
</testsuite> <!-- tests.module1.Admin.Events_Test -->
