<?xml version="1.0" encoding="UTF-8"?>
<!-- Generated by org.testng.reporters.JUnitReportReporter -->
<testsuite hostname="VC-KishanJoshi" failures="0" tests="1" name="tests.module1.RandomWeb" time="14.115" errors="0" timestamp="2023-05-15T18:14:19 IST" skipped="0">
  <testcase classname="tests.module1.RandomWeb" name="Sign_In" time="14.115"/>
  <system-out/>
</testsuite> <!-- tests.module1.RandomWeb -->
